------Start of DE processing------ = [05.11.2024, 00:55:05:283 CET]
Exception = org.eclipse.persistence.exceptions.DatabaseException
Source = com.ibm.ws.uow.UOWManagerImpl.runUnderCurrentUOW
probeid = 1130
Stack Dump = Stos wyj¹tku lokalnego: 
Wyj¹tek [EclipseLink-4002] (Eclipse Persistence Services - 4.0.3.v202405220658): org.eclipse.persistence.exceptions.DatabaseException
Wyj¹tek wewnêtrzny: org.h2.jdbc.JdbcSQLSyntaxErrorException: Table "PERFUMES" not found (this database is empty); SQL statement:
SELECT ID, DESCRIPTION, NAME, PRICE, RELEASEDATE, SCENTTYPE, brand, user_name FROM perfumes WHERE (ID = ?) [42104-220]
Kod b³êdu: 42104
Wywo³anie: SELECT ID, DESCRIPTION, NAME, PRICE, RELEASEDATE, SCENTTYPE, brand, user_name FROM perfumes WHERE (ID = ?)
	bind => [1 parameter bound]
Zapytanie: ReadObjectQuery(name="readPerfume" referenceClass=Perfume sql="SELECT ID, DESCRIPTION, NAME, PRICE, RELEASEDATE, SCENTTYPE, brand, user_name FROM perfumes WHERE (ID = ?)")
	at org.eclipse.persistence.exceptions.DatabaseException.sqlException(DatabaseException.java:343)
	at org.eclipse.persistence.internal.databaseaccess.DatabaseAccessor.basicExecuteCall(DatabaseAccessor.java:702)
	at org.eclipse.persistence.internal.databaseaccess.DatabaseAccessor.executeCall(DatabaseAccessor.java:569)
	at org.eclipse.persistence.internal.sessions.AbstractSession.basicExecuteCall(AbstractSession.java:2048)
	at org.eclipse.persistence.sessions.server.ServerSession.executeCall(ServerSession.java:611)
	at org.eclipse.persistence.internal.queries.DatasourceCallQueryMechanism.executeCall(DatasourceCallQueryMechanism.java:280)
	at org.eclipse.persistence.internal.queries.DatasourceCallQueryMechanism.executeCall(DatasourceCallQueryMechanism.java:266)
	at org.eclipse.persistence.internal.queries.DatasourceCallQueryMechanism.selectOneRow(DatasourceCallQueryMechanism.java:813)
	at org.eclipse.persistence.internal.queries.ExpressionQueryMechanism.selectOneRowFromTable(ExpressionQueryMechanism.java:2912)
	at org.eclipse.persistence.internal.queries.ExpressionQueryMechanism.selectOneRow(ExpressionQueryMechanism.java:2865)
	at org.eclipse.persistence.queries.ReadObjectQuery.executeObjectLevelReadQuery(ReadObjectQuery.java:563)
	at org.eclipse.persistence.queries.ObjectLevelReadQuery.executeDatabaseQuery(ObjectLevelReadQuery.java:1236)
	at org.eclipse.persistence.queries.DatabaseQuery.execute(DatabaseQuery.java:913)
	at org.eclipse.persistence.queries.ObjectLevelReadQuery.execute(ObjectLevelReadQuery.java:1195)
	at org.eclipse.persistence.queries.ReadObjectQuery.execute(ReadObjectQuery.java:448)
	at org.eclipse.persistence.queries.ObjectLevelReadQuery.executeInUnitOfWork(ObjectLevelReadQuery.java:1283)
	at org.eclipse.persistence.internal.sessions.UnitOfWorkImpl.internalExecuteQuery(UnitOfWorkImpl.java:3025)
	at org.eclipse.persistence.internal.sessions.AbstractSession.executeQuery(AbstractSession.java:1841)
	at org.eclipse.persistence.internal.sessions.AbstractSession.executeQuery(AbstractSession.java:1823)
	at org.eclipse.persistence.internal.sessions.AbstractSession.executeQuery(AbstractSession.java:1773)
	at org.eclipse.persistence.internal.jpa.EntityManagerImpl.executeQuery(EntityManagerImpl.java:999)
	at org.eclipse.persistence.internal.jpa.EntityManagerImpl.findInternal(EntityManagerImpl.java:941)
	at org.eclipse.persistence.internal.jpa.EntityManagerImpl.find(EntityManagerImpl.java:817)
	at org.eclipse.persistence.internal.jpa.EntityManagerImpl.find(EntityManagerImpl.java:691)
	at com.ibm.ws.jpa.management.JPATxEmInvocation.find(JPATxEmInvocation.java:215)
	at com.ibm.ws.jpa.management.JPAEntityManager.find(JPAEntityManager.java:207)
	at pl.edu.pg.eti.kask.perfum.klasy.repository.persistence.PerfumePersistenceRepository.find(PerfumePersistenceRepository.java:37)
	at pl.edu.pg.eti.kask.perfum.klasy.repository.persistence.PerfumePersistenceRepository.find(PerfumePersistenceRepository.java:22)
	at pl.edu.pg.eti.kask.perfum.klasy.repository.persistence.PerfumePersistenceRepository$Proxy$_$$_WeldClientProxy.find(Unknown Source)
	at pl.edu.pg.eti.kask.perfum.klasy.service.PerfumeService.create(PerfumeService.java:83)
	at pl.edu.pg.eti.kask.perfum.klasy.service.PerfumeService$Proxy$_$$_WeldSubclass.create$$super(Unknown Source)
	at jdk.internal.reflect.GeneratedMethodAccessor590.invoke(Unknown Source)
	at java.base/java.lang.reflect.Method.invoke(Method.java:569)
	at org.jboss.weld.interceptor.proxy.TerminalAroundInvokeInvocationContext.proceedInternal(TerminalAroundInvokeInvocationContext.java:51)
	at org.jboss.weld.interceptor.proxy.AroundInvokeInvocationContext.proceed(AroundInvokeInvocationContext.java:78)
	at com.ibm.tx.jta.cdi.interceptors.TransactionalInterceptor$2.run(TransactionalInterceptor.java:176)
	at com.ibm.ws.uow.embeddable.EmbeddableUOWManagerImpl.runUnderCurrentUOW(EmbeddableUOWManagerImpl.java:1079)
	at com.ibm.ws.uow.embeddable.EmbeddableUOWManagerImpl.runUnderNewUOW(EmbeddableUOWManagerImpl.java:1042)
	at com.ibm.ws.uow.embeddable.EmbeddableUOWManagerImpl.runUnderUOW(EmbeddableUOWManagerImpl.java:1015)
	at com.ibm.tx.jta.cdi.interceptors.TransactionalInterceptor.runUnderUOWManagingEnablement(TransactionalInterceptor.java:190)
	at com.ibm.tx.jta.cdi.interceptors.Required.required(Required.java:49)
	at jdk.internal.reflect.GeneratedMethodAccessor552.invoke(Unknown Source)
	at java.base/java.lang.reflect.Method.invoke(Method.java:569)
	at org.jboss.weld.interceptor.reader.SimpleInterceptorInvocation$SimpleMethodInvocation.invoke(SimpleInterceptorInvocation.java:73)
	at org.jboss.weld.interceptor.proxy.InterceptorMethodHandler.executeAroundInvoke(InterceptorMethodHandler.java:84)
	at org.jboss.weld.interceptor.proxy.InterceptorMethodHandler.executeInterception(InterceptorMethodHandler.java:72)
	at org.jboss.weld.interceptor.proxy.InterceptorMethodHandler.invoke(InterceptorMethodHandler.java:56)
	at org.jboss.weld.bean.proxy.CombinedInterceptorAndDecoratorStackMethodHandler.invoke(CombinedInterceptorAndDecoratorStackMethodHandler.java:79)
	at org.jboss.weld.bean.proxy.CombinedInterceptorAndDecoratorStackMethodHandler.invoke(CombinedInterceptorAndDecoratorStackMethodHandler.java:68)
	at pl.edu.pg.eti.kask.perfum.klasy.service.PerfumeService$Proxy$_$$_WeldSubclass.create(Unknown Source)
	at pl.edu.pg.eti.kask.perfum.klasy.service.PerfumeService$Proxy$_$$_WeldClientProxy.create(Unknown Source)
	at pl.edu.pg.eti.kask.perfum.klasy.controller.rest.PerfumeRestController.createPerfume(PerfumeRestController.java:156)
	at jdk.internal.reflect.GeneratedMethodAccessor589.invoke(Unknown Source)
	at java.base/java.lang.reflect.Method.invoke(Method.java:569)
	at org.jboss.resteasy.core.MethodInjectorImpl.invoke(MethodInjectorImpl.java:154)
	at org.jboss.resteasy.core.MethodInjectorImpl.invoke(MethodInjectorImpl.java:118)
	at org.jboss.resteasy.core.ResourceMethodInvoker.internalInvokeOnTarget(ResourceMethodInvoker.java:560)
	at org.jboss.resteasy.core.ResourceMethodInvoker.invokeOnTargetAfterFilter(ResourceMethodInvoker.java:452)
	at org.jboss.resteasy.core.ResourceMethodInvoker.lambda$invokeOnTarget$2(ResourceMethodInvoker.java:413)
	at org.jboss.resteasy.core.interception.jaxrs.PreMatchContainerRequestContext.filter(PreMatchContainerRequestContext.java:385)
	at org.jboss.resteasy.core.ResourceMethodInvoker.invokeOnTarget(ResourceMethodInvoker.java:415)
	at org.jboss.resteasy.core.ResourceMethodInvoker.invoke(ResourceMethodInvoker.java:378)
	at org.jboss.resteasy.core.ResourceMethodInvoker.invoke(ResourceMethodInvoker.java:356)
	at org.jboss.resteasy.core.ResourceMethodInvoker.invoke(ResourceMethodInvoker.java:70)
	at org.jboss.resteasy.core.SynchronousDispatcher.invoke(SynchronousDispatcher.java:429)
	at org.jboss.resteasy.core.SynchronousDispatcher.lambda$invoke$4(SynchronousDispatcher.java:240)
	at org.jboss.resteasy.core.SynchronousDispatcher.lambda$preprocess$0(SynchronousDispatcher.java:154)
	at org.jboss.resteasy.core.interception.jaxrs.PreMatchContainerRequestContext.filter(PreMatchContainerRequestContext.java:385)
	at org.jboss.resteasy.core.SynchronousDispatcher.preprocess(SynchronousDispatcher.java:157)
	at org.jboss.resteasy.core.SynchronousDispatcher.invoke(SynchronousDispatcher.java:229)
	at org.jboss.resteasy.plugins.server.servlet.ServletContainerDispatcher.service(ServletContainerDispatcher.java:245)
	at org.jboss.resteasy.plugins.server.servlet.HttpServletDispatcher.service(HttpServletDispatcher.java:55)
	at org.jboss.resteasy.plugins.server.servlet.HttpServletDispatcher.service(HttpServletDispatcher.java:51)
	at jakarta.servlet.http.HttpServlet.service(HttpServlet.java:614)
	at com.ibm.ws.webcontainer.servlet.ServletWrapper.service(ServletWrapper.java:1266)
	at com.ibm.ws.webcontainer.servlet.ServletWrapper.handleRequest(ServletWrapper.java:754)
	at com.ibm.ws.webcontainer.servlet.ServletWrapper.handleRequest(ServletWrapper.java:451)
	at com.ibm.ws.webcontainer.filter.WebAppFilterManager.invokeFilters(WebAppFilterManager.java:1362)
	at com.ibm.ws.webcontainer.webapp.WebApp.handleRequest(WebApp.java:5096)
	at com.ibm.ws.webcontainer.osgi.DynamicVirtualHost$2.handleRequest(DynamicVirtualHost.java:328)
	at com.ibm.ws.webcontainer.WebContainer.handleRequest(WebContainer.java:1047)
	at com.ibm.ws.webcontainer.osgi.DynamicVirtualHost$2.run(DynamicVirtualHost.java:293)
	at com.ibm.ws.http.dispatcher.internal.channel.HttpDispatcherLink$TaskWrapper.run(HttpDispatcherLink.java:1260)
	at com.ibm.ws.http.dispatcher.internal.channel.HttpDispatcherLink.wrapHandlerAndExecute(HttpDispatcherLink.java:476)
	at com.ibm.ws.http.dispatcher.internal.channel.HttpDispatcherLink.ready(HttpDispatcherLink.java:435)
	at com.ibm.ws.http.channel.internal.inbound.HttpInboundLink.handleDiscrimination(HttpInboundLink.java:569)
	at com.ibm.ws.http.channel.internal.inbound.HttpInboundLink.handleNewRequest(HttpInboundLink.java:503)
	at com.ibm.ws.http.channel.internal.inbound.HttpInboundLink.processRequest(HttpInboundLink.java:363)
	at com.ibm.ws.http.channel.internal.inbound.HttpInboundLink.ready(HttpInboundLink.java:330)
	at com.ibm.ws.tcpchannel.internal.NewConnectionInitialReadCallback.sendToDiscriminators(NewConnectionInitialReadCallback.java:169)
	at com.ibm.ws.tcpchannel.internal.NewConnectionInitialReadCallback.complete(NewConnectionInitialReadCallback.java:77)
	at com.ibm.ws.tcpchannel.internal.WorkQueueManager.requestComplete(WorkQueueManager.java:516)
	at com.ibm.ws.tcpchannel.internal.WorkQueueManager.attemptIO(WorkQueueManager.java:586)
	at com.ibm.ws.tcpchannel.internal.WorkQueueManager.workerRun(WorkQueueManager.java:970)
	at com.ibm.ws.tcpchannel.internal.WorkQueueManager$Worker.run(WorkQueueManager.java:1059)
	at com.ibm.ws.threading.internal.ExecutorServiceImpl$RunnableWrapper.run(ExecutorServiceImpl.java:298)
	at java.base/java.util.concurrent.ThreadPoolExecutor.runWorker(ThreadPoolExecutor.java:1136)
	at java.base/java.util.concurrent.ThreadPoolExecutor$Worker.run(ThreadPoolExecutor.java:635)
	at java.base/java.lang.Thread.run(Thread.java:840)
Caused by: org.h2.jdbc.JdbcSQLSyntaxErrorException: Table "PERFUMES" not found (this database is empty); SQL statement:
SELECT ID, DESCRIPTION, NAME, PRICE, RELEASEDATE, SCENTTYPE, brand, user_name FROM perfumes WHERE (ID = ?) [42104-220]
	at org.h2.message.DbException.getJdbcSQLException(DbException.java:514)
	at org.h2.message.DbException.getJdbcSQLException(DbException.java:489)
	at org.h2.message.DbException.get(DbException.java:223)
	at org.h2.message.DbException.get(DbException.java:199)
	at org.h2.command.Parser.getTableOrViewNotFoundDbException(Parser.java:8548)
	at org.h2.command.Parser.getTableOrViewNotFoundDbException(Parser.java:8532)
	at org.h2.command.Parser.readTableOrView(Parser.java:8521)
	at org.h2.command.Parser.readTablePrimary(Parser.java:1911)
	at org.h2.command.Parser.readTableReference(Parser.java:2391)
	at org.h2.command.Parser.parseSelectFromPart(Parser.java:2844)
	at org.h2.command.Parser.parseSelect(Parser.java:2950)
	at org.h2.command.Parser.parseQueryPrimary(Parser.java:2834)
	at org.h2.command.Parser.parseQueryTerm(Parser.java:2690)
	at org.h2.command.Parser.parseQueryExpressionBody(Parser.java:2669)
	at org.h2.command.Parser.parseQueryExpressionBodyAndEndOfQuery(Parser.java:2662)
	at org.h2.command.Parser.parseQueryExpression(Parser.java:2655)
	at org.h2.command.Parser.parseQuery(Parser.java:2624)
	at org.h2.command.Parser.parsePrepared(Parser.java:732)
	at org.h2.command.Parser.parse(Parser.java:697)
	at org.h2.command.Parser.parse(Parser.java:669)
	at org.h2.command.Parser.prepareCommand(Parser.java:577)
	at org.h2.engine.SessionLocal.prepareLocal(SessionLocal.java:634)
	at org.h2.engine.SessionLocal.prepareCommand(SessionLocal.java:557)
	at org.h2.jdbc.JdbcConnection.prepareCommand(JdbcConnection.java:1116)
	at org.h2.jdbc.JdbcPreparedStatement.<init>(JdbcPreparedStatement.java:92)
	at org.h2.jdbc.JdbcConnection.prepareStatement(JdbcConnection.java:639)
	at com.ibm.ws.rsadapter.jdbc.WSJdbcConnection.prepareStatement(WSJdbcConnection.java:2237)
	at com.ibm.ws.rsadapter.jdbc.WSJdbcConnection.prepareStatement(WSJdbcConnection.java:2202)
	at org.eclipse.persistence.internal.databaseaccess.DatabaseAccessor.prepareStatement(DatabaseAccessor.java:1750)
	at org.eclipse.persistence.internal.databaseaccess.DatabaseAccessor.prepareStatement(DatabaseAccessor.java:1697)
	at org.eclipse.persistence.internal.databaseaccess.DatabaseCall.prepareStatement(DatabaseCall.java:770)
	at org.eclipse.persistence.internal.databaseaccess.DatabaseAccessor.basicExecuteCall(DatabaseAccessor.java:630)
	... 97 more

Dump of callerThis
Object type = com.ibm.ws.uow.embeddable.EmbeddableUOWManagerImpl
  tc = class com.ibm.ejs.ras.TraceComponent@4d6f646c
    strings[0] = "TraceComponent[com.ibm.ws.uow.embeddable.EmbeddableUOWManagerImpl,class com.ibm.ws.uow.embeddable.EmbeddableUOWManagerImpl,[Transaction],null,null]"
  _callbackManager = null
  _runUnderUOWCallbackManager = null

